汇程移民网站已启动
前台访问: http://localhost:3000
后台管理: http://localhost:3000/admin
默认管理员: admin / huicheng2026
SyntaxError: Expected property name or '}' in JSON at position 1 (line 1 column 2)
    at JSON.parse (<anonymous>)
    at parse (E:\WorkBuddy2\hcym\node_modules\body-parser\lib\types\json.js:96:19)
    at E:\WorkBuddy2\hcym\node_modules\body-parser\lib\read.js:128:18
    at AsyncResource.runInAsyncScope (node:async_hooks:214:14)
    at invokeCallback (E:\WorkBuddy2\hcym\node_modules\raw-body\index.js:238:16)
    at done (E:\WorkBuddy2\hcym\node_modules\raw-body\index.js:227:7)
    at IncomingMessage.onEnd (E:\WorkBuddy2\hcym\node_modules\raw-body\index.js:287:7)
    at IncomingMessage.emit (node:events:519:28)
    at endReadableNT (node:internal/streams/readable:1698:12)
    at process.processTicksAndRejections (node:internal/process/task_queues:89:21) {
  expose: true,
  statusCode: 400,
  status: 400,
  body: '{\\"username\\":\\"admin\\",\\"password\\":\\"huicheng2026\\"}',
  type: 'entity.parse.failed'
}
